<?xml version="1.0" encoding="UTF-8"?>
<!-- Generated by org.testng.reporters.JUnitReportReporter -->
<testsuite skipped="0" hostname="BT-INDIA-COM25" name="com.jio.Testcases.ConsumerLoginPageTest" tests="3" failures="0" timestamp="03 Oct 2018 10:26:18 GMT" time="0.375" errors="0">
  <testcase name="ConsumerLogoTest" time="0.067" classname="com.jio.Testcases.ConsumerLoginPageTest"/>
  <testcase name="ConsumerPortalTittle" time="0.018" classname="com.jio.Testcases.ConsumerLoginPageTest"/>
  <testcase name="ConsumerLoginPortalTest" time="0.290" classname="com.jio.Testcases.ConsumerLoginPageTest"/>
</testsuite> <!-- com.jio.Testcases.ConsumerLoginPageTest -->
