<?xml version="1.0" encoding="UTF-8"?>
<!-- Generated by org.testng.reporters.JUnitReportReporter -->
<testsuite skipped="0" hostname="BT-INDIA-COM25" name="com.jio.Testcases.DashBoardTest" tests="5" failures="0" timestamp="05 Oct 2018 10:10:34 GMT" time="5.260" errors="0">
  <testcase name="DashBoardPageTittleValidation" time="5.033" classname="com.jio.Testcases.DashBoardTest"/>
  <testcase name="SecondDashBoardPageTittleValidation" time="0.063" classname="com.jio.Testcases.DashBoardTest"/>
  <testcase name="AccountBalanceTextValidation" time="0.043" classname="com.jio.Testcases.DashBoardTest"/>
  <testcase name="Last5TranscationTextValidation" time="0.040" classname="com.jio.Testcases.DashBoardTest"/>
  <testcase name="MoveToTranscationHistoryPage" time="0.081" classname="com.jio.Testcases.DashBoardTest"/>
</testsuite> <!-- com.jio.Testcases.DashBoardTest -->
