<?xml version="1.0" encoding="UTF-8"?>
<!-- Generated by org.testng.reporters.JUnitReportReporter -->
<testsuite skipped="0" hostname="BT-INDIA-COM25" name="com.jio.Testcases.ConsumerLoginPageTest" tests="3" failures="0" timestamp="05 Oct 2018 10:10:34 GMT" time="0.361" errors="0">
  <testcase name="ConsumerLogoTest" time="0.061" classname="com.jio.Testcases.ConsumerLoginPageTest"/>
  <testcase name="ConsumerPortalTittle" time="0.017" classname="com.jio.Testcases.ConsumerLoginPageTest"/>
  <testcase name="ConsumerLoginPortalTest" time="0.283" classname="com.jio.Testcases.ConsumerLoginPageTest"/>
</testsuite> <!-- com.jio.Testcases.ConsumerLoginPageTest -->
