<?xml version="1.0" encoding="UTF-8"?>
<!-- Generated by org.testng.reporters.JUnitReportReporter -->
<testsuite skipped="0" hostname="BT-INDIA-COM25" name="Login.BaseTest" tests="1" failures="0" timestamp="01 Oct 2018 11:19:38 GMT" time="2.373" errors="0">
  <testcase name="login" time="2.373" classname="Login.BaseTest"/>
</testsuite> <!-- Login.BaseTest -->
