<?xml version="1.0" encoding="UTF-8"?>
<!-- Generated by org.testng.reporters.JUnitReportReporter -->
<testsuite skipped="0" hostname="BT-INDIA-COM25" name="requirements.workerRegistration.RegisterNewWorkers" tests="1" failures="0" timestamp="21 Nov 2018 12:34:36 GMT" time="8.304" errors="0">
  <testcase name="login_crm" time="8.304" classname="requirements.workerRegistration.RegisterNewWorkers"/>
</testsuite> <!-- requirements.workerRegistration.RegisterNewWorkers -->
