<?xml version="1.0" encoding="UTF-8"?>
<!-- Generated by org.testng.reporters.JUnitReportReporter -->
<testsuite skipped="0" hostname="BT-INDIA-COM25" name="automation.practice.selePratice" tests="1" failures="0" timestamp="29 Nov 2018 08:59:58 GMT" time="12.130" errors="0">
  <testcase name="ShutterbugScreesnshot" time="12.130" classname="automation.practice.selePratice"/>
</testsuite> <!-- automation.practice.selePratice -->
