<?xml version="1.0" encoding="UTF-8"?>
<!-- Generated by org.testng.reporters.JUnitReportReporter -->
<testsuite skipped="0" hostname="BT-INDIA-COM25" name="automation.practice.firebox_headlessBrowser" tests="2" failures="0" timestamp="30 Nov 2018 10:45:16 GMT" time="21.233" errors="0">
  <testcase name="ffheadless" time="9.944" classname="automation.practice.firebox_headlessBrowser"/>
  <testcase name="chromeheadless" time="11.289" classname="automation.practice.firebox_headlessBrowser"/>
</testsuite> <!-- automation.practice.firebox_headlessBrowser -->
