<?xml version="1.0" encoding="UTF-8"?>
<!-- Generated by org.testng.reporters.JUnitReportReporter -->
<testsuite skipped="0" hostname="BT-INDIA-COM9" name="automation.practice.Screesnshot_particularElement" tests="1" failures="0" timestamp="06 Dec 2018 10:14:51 GMT" time="10.813" errors="0">
  <testcase name="ShutterbugScreesnshot" time="10.813" classname="automation.practice.Screesnshot_particularElement"/>
</testsuite> <!-- automation.practice.Screesnshot_particularElement -->
