<?xml version="1.0" encoding="UTF-8"?>
<!-- Generated by org.testng.reporters.JUnitReportReporter -->
<testsuite skipped="0" hostname="BT-INDIA-COM25" name="automation.practice.selePratice" tests="5" failures="0" timestamp="30 Nov 2018 10:02:05 GMT" time="45.667" errors="0">
  <testcase name="ShutterbugScreesnshot" time="8.230" classname="automation.practice.selePratice"/>
  <testcase name="ShutterbugScreesnshot" time="8.988" classname="automation.practice.selePratice"/>
  <testcase name="ShutterbugScreesnshot" time="10.528" classname="automation.practice.selePratice"/>
  <testcase name="ShutterbugScreesnshot" time="10.635" classname="automation.practice.selePratice"/>
  <testcase name="ShutterbugScreesnshot" time="7.286" classname="automation.practice.selePratice"/>
</testsuite> <!-- automation.practice.selePratice -->
