<?xml version="1.0" encoding="UTF-8"?>
<!-- Generated by org.testng.reporters.JUnitReportReporter -->
<testsuite skipped="0" hostname="BT-INDIA-COM25" name="pdf" tests="1" failures="0" timestamp="30 Oct 2018 05:36:15 GMT" time="1.580" errors="0">
  <testcase name="pdfTest" time="1.580" classname="pdf"/>
</testsuite> <!-- pdf -->
